The system is: Linux - 3.10.24-1-lts - x86_64
Compiling the C compiler identification source file "CMakeCCompilerId.c" succeeded.
Compiler: /usr/bin/cc 
Build flags: 
Id flags: 

The output was:
0


Compilation of the C compiler identification source "CMakeCCompilerId.c" produced "a.out"

The C compiler identification is GNU, found in "/home/lovewei/Project/yasm/new yasm/yasm/build/CMakeFiles/2.8.12.1/CompilerIdC/a.out"

Compiling the CXX compiler identification source file "CMakeCXXCompilerId.cpp" succeeded.
Compiler: /usr/bin/c++ 
Build flags: 
Id flags: 

The output was:
0


Compilation of the CXX compiler identification source "CMakeCXXCompilerId.cpp" produced "a.out"

The CXX compiler identification is GNU, found in "/home/lovewei/Project/yasm/new yasm/yasm/build/CMakeFiles/2.8.12.1/CompilerIdCXX/a.out"

Determining if the C compiler works passed with the following output:
Change Dir: /home/lovewei/Project/yasm/new yasm/yasm/build/CMakeFiles/CMakeTmp

Run Build Command:/usr/bin/make "cmTryCompileExec1402578742/fast"
/usr/bin/make -f CMakeFiles/cmTryCompileExec1402578742.dir/build.make CMakeFiles/cmTryCompileExec1402578742.dir/build
make[1]: Entering directory '/home/lovewei/Project/yasm/new yasm/yasm/build/CMakeFiles/CMakeTmp'
/usr/bin/cmake -E cmake_progress_report "/home/lovewei/Project/yasm/new yasm/yasm/build/CMakeFiles/CMakeTmp/CMakeFiles" 1
Building C object CMakeFiles/cmTryCompileExec1402578742.dir/testCCompiler.c.o
/usr/bin/cc    -o CMakeFiles/cmTryCompileExec1402578742.dir/testCCompiler.c.o   -c "/home/lovewei/Project/yasm/new yasm/yasm/build/CMakeFiles/CMakeTmp/testCCompiler.c"
Linking C executable cmTryCompileExec1402578742
/usr/bin/cmake -E cmake_link_script CMakeFiles/cmTryCompileExec1402578742.dir/link.txt --verbose=1
/usr/bin/cc       CMakeFiles/cmTryCompileExec1402578742.dir/testCCompiler.c.o  -o cmTryCompileExec1402578742 -rdynamic 
make[1]: Leaving directory '/home/lovewei/Project/yasm/new yasm/yasm/build/CMakeFiles/CMakeTmp'


Detecting C compiler ABI info compiled with the following output:
Change Dir: /home/lovewei/Project/yasm/new yasm/yasm/build/CMakeFiles/CMakeTmp

Run Build Command:/usr/bin/make "cmTryCompileExec922142043/fast"
/usr/bin/make -f CMakeFiles/cmTryCompileExec922142043.dir/build.make CMakeFiles/cmTryCompileExec922142043.dir/build
make[1]: Entering directory '/home/lovewei/Project/yasm/new yasm/yasm/build/CMakeFiles/CMakeTmp'
/usr/bin/cmake -E cmake_progress_report "/home/lovewei/Project/yasm/new yasm/yasm/build/CMakeFiles/CMakeTmp/CMakeFiles" 1
Building C object CMakeFiles/cmTryCompileExec922142043.dir/CMakeCCompilerABI.c.o
/usr/bin/cc    -o CMakeFiles/cmTryCompileExec922142043.dir/CMakeCCompilerABI.c.o   -c /usr/share/cmake-2.8/Modules/CMakeCCompilerABI.c
Linking C executable cmTryCompileExec922142043
/usr/bin/cmake -E cmake_link_script CMakeFiles/cmTryCompileExec922142043.dir/link.txt --verbose=1
/usr/bin/cc     -v CMakeFiles/cmTryCompileExec922142043.dir/CMakeCCompilerABI.c.o  -o cmTryCompileExec922142043 -rdynamic  
使用内建 specs。
COLLECT_GCC=/usr/bin/cc
COLLECT_LTO_WRAPPER=/usr/lib/gcc/x86_64-unknown-linux-gnu/4.8.2/lto-wrapper
目标：x86_64-unknown-linux-gnu
配置为：/build/gcc-multilib/src/gcc-4.8.2/configure --prefix=/usr --libdir=/usr/lib --libexecdir=/usr/lib --mandir=/usr/share/man --infodir=/usr/share/info --with-bugurl=https://bugs.archlinux.org/ --enable-languages=c,c++,ada,fortran,go,lto,objc,obj-c++ --enable-shared --enable-threads=posix --with-system-zlib --enable-__cxa_atexit --disable-libunwind-exceptions --enable-clocale=gnu --disable-libstdcxx-pch --disable-libssp --enable-gnu-unique-object --enable-linker-build-id --enable-cloog-backend=isl --disable-cloog-version-check --enable-lto --enable-plugin --enable-install-libiberty --with-linker-hash-style=gnu --enable-multilib --disable-werror --enable-checking=release
线程模型：posix
gcc 版本 4.8.2 (GCC) 
COMPILER_PATH=/usr/lib/gcc/x86_64-unknown-linux-gnu/4.8.2/:/usr/lib/gcc/x86_64-unknown-linux-gnu/4.8.2/:/usr/lib/gcc/x86_64-unknown-linux-gnu/:/usr/lib/gcc/x86_64-unknown-linux-gnu/4.8.2/:/usr/lib/gcc/x86_64-unknown-linux-gnu/
LIBRARY_PATH=/usr/lib/gcc/x86_64-unknown-linux-gnu/4.8.2/:/usr/lib/gcc/x86_64-unknown-linux-gnu/4.8.2/../../../../lib/:/lib/../lib/:/usr/lib/../lib/:/usr/lib/gcc/x86_64-unknown-linux-gnu/4.8.2/../../../:/lib/:/usr/lib/
COLLECT_GCC_OPTIONS='-v' '-o' 'cmTryCompileExec922142043' '-rdynamic' '-mtune=generic' '-march=x86-64'
 /usr/lib/gcc/x86_64-unknown-linux-gnu/4.8.2/collect2 --build-id --eh-frame-hdr --hash-style=gnu -m elf_x86_64 -export-dynamic -dynamic-linker /lib64/ld-linux-x86-64.so.2 -o cmTryCompileExec922142043 /usr/lib/gcc/x86_64-unknown-linux-gnu/4.8.2/../../../../lib/crt1.o /usr/lib/gcc/x86_64-unknown-linux-gnu/4.8.2/../../../../lib/crti.o /usr/lib/gcc/x86_64-unknown-linux-gnu/4.8.2/crtbegin.o -L/usr/lib/gcc/x86_64-unknown-linux-gnu/4.8.2 -L/usr/lib/gcc/x86_64-unknown-linux-gnu/4.8.2/../../../../lib -L/lib/../lib -L/usr/lib/../lib -L/usr/lib/gcc/x86_64-unknown-linux-gnu/4.8.2/../../.. CMakeFiles/cmTryCompileExec922142043.dir/CMakeCCompilerABI.c.o -lgcc --as-needed -lgcc_s --no-as-needed -lc -lgcc --as-needed -lgcc_s --no-as-needed /usr/lib/gcc/x86_64-unknown-linux-gnu/4.8.2/crtend.o /usr/lib/gcc/x86_64-unknown-linux-gnu/4.8.2/../../../../lib/crtn.o
make[1]: Leaving directory '/home/lovewei/Project/yasm/new yasm/yasm/build/CMakeFiles/CMakeTmp'


Parsed C implicit link information from above output:
  link line regex: [^( *|.*[/\])(ld|([^/\]+-)?ld|collect2)[^/\]*( |$)]
  ignore line: [Change Dir: /home/lovewei/Project/yasm/new yasm/yasm/build/CMakeFiles/CMakeTmp]
  ignore line: []
  ignore line: [Run Build Command:/usr/bin/make "cmTryCompileExec922142043/fast"]
  ignore line: [/usr/bin/make -f CMakeFiles/cmTryCompileExec922142043.dir/build.make CMakeFiles/cmTryCompileExec922142043.dir/build]
  ignore line: [make[1]: Entering directory '/home/lovewei/Project/yasm/new yasm/yasm/build/CMakeFiles/CMakeTmp']
  ignore line: [/usr/bin/cmake -E cmake_progress_report "/home/lovewei/Project/yasm/new yasm/yasm/build/CMakeFiles/CMakeTmp/CMakeFiles" 1]
  ignore line: [Building C object CMakeFiles/cmTryCompileExec922142043.dir/CMakeCCompilerABI.c.o]
  ignore line: [/usr/bin/cc    -o CMakeFiles/cmTryCompileExec922142043.dir/CMakeCCompilerABI.c.o   -c /usr/share/cmake-2.8/Modules/CMakeCCompilerABI.c]
  ignore line: [Linking C executable cmTryCompileExec922142043]
  ignore line: [/usr/bin/cmake -E cmake_link_script CMakeFiles/cmTryCompileExec922142043.dir/link.txt --verbose=1]
  ignore line: [/usr/bin/cc     -v CMakeFiles/cmTryCompileExec922142043.dir/CMakeCCompilerABI.c.o  -o cmTryCompileExec922142043 -rdynamic  ]
  ignore line: [使用内建 specs。]
  ignore line: [COLLECT_GCC=/usr/bin/cc]
  ignore line: [COLLECT_LTO_WRAPPER=/usr/lib/gcc/x86_64-unknown-linux-gnu/4.8.2/lto-wrapper]
  ignore line: [目标：x86_64-unknown-linux-gnu]
  ignore line: [配置为：/build/gcc-multilib/src/gcc-4.8.2/configure --prefix=/usr --libdir=/usr/lib --libexecdir=/usr/lib --mandir=/usr/share/man --infodir=/usr/share/info --with-bugurl=https://bugs.archlinux.org/ --enable-languages=c,c++,ada,fortran,go,lto,objc,obj-c++ --enable-shared --enable-threads=posix --with-system-zlib --enable-__cxa_atexit --disable-libunwind-exceptions --enable-clocale=gnu --disable-libstdcxx-pch --disable-libssp --enable-gnu-unique-object --enable-linker-build-id --enable-cloog-backend=isl --disable-cloog-version-check --enable-lto --enable-plugin --enable-install-libiberty --with-linker-hash-style=gnu --enable-multilib --disable-werror --enable-checking=release]
  ignore line: [线程模型：posix]
  ignore line: [gcc 版本 4.8.2 (GCC) ]
  ignore line: [COMPILER_PATH=/usr/lib/gcc/x86_64-unknown-linux-gnu/4.8.2/:/usr/lib/gcc/x86_64-unknown-linux-gnu/4.8.2/:/usr/lib/gcc/x86_64-unknown-linux-gnu/:/usr/lib/gcc/x86_64-unknown-linux-gnu/4.8.2/:/usr/lib/gcc/x86_64-unknown-linux-gnu/]
  ignore line: [LIBRARY_PATH=/usr/lib/gcc/x86_64-unknown-linux-gnu/4.8.2/:/usr/lib/gcc/x86_64-unknown-linux-gnu/4.8.2/../../../../lib/:/lib/../lib/:/usr/lib/../lib/:/usr/lib/gcc/x86_64-unknown-linux-gnu/4.8.2/../../../:/lib/:/usr/lib/]
  ignore line: [COLLECT_GCC_OPTIONS='-v' '-o' 'cmTryCompileExec922142043' '-rdynamic' '-mtune=generic' '-march=x86-64']
  link line: [ /usr/lib/gcc/x86_64-unknown-linux-gnu/4.8.2/collect2 --build-id --eh-frame-hdr --hash-style=gnu -m elf_x86_64 -export-dynamic -dynamic-linker /lib64/ld-linux-x86-64.so.2 -o cmTryCompileExec922142043 /usr/lib/gcc/x86_64-unknown-linux-gnu/4.8.2/../../../../lib/crt1.o /usr/lib/gcc/x86_64-unknown-linux-gnu/4.8.2/../../../../lib/crti.o /usr/lib/gcc/x86_64-unknown-linux-gnu/4.8.2/crtbegin.o -L/usr/lib/gcc/x86_64-unknown-linux-gnu/4.8.2 -L/usr/lib/gcc/x86_64-unknown-linux-gnu/4.8.2/../../../../lib -L/lib/../lib -L/usr/lib/../lib -L/usr/lib/gcc/x86_64-unknown-linux-gnu/4.8.2/../../.. CMakeFiles/cmTryCompileExec922142043.dir/CMakeCCompilerABI.c.o -lgcc --as-needed -lgcc_s --no-as-needed -lc -lgcc --as-needed -lgcc_s --no-as-needed /usr/lib/gcc/x86_64-unknown-linux-gnu/4.8.2/crtend.o /usr/lib/gcc/x86_64-unknown-linux-gnu/4.8.2/../../../../lib/crtn.o]
    arg [/usr/lib/gcc/x86_64-unknown-linux-gnu/4.8.2/collect2] ==> ignore
    arg [--build-id] ==> ignore
    arg [--eh-frame-hdr] ==> ignore
    arg [--hash-style=gnu] ==> ignore
    arg [-m] ==> ignore
    arg [elf_x86_64] ==> ignore
    arg [-export-dynamic] ==> ignore
    arg [-dynamic-linker] ==> ignore
    arg [/lib64/ld-linux-x86-64.so.2] ==> ignore
    arg [-o] ==> ignore
    arg [cmTryCompileExec922142043] ==> ignore
    arg [/usr/lib/gcc/x86_64-unknown-linux-gnu/4.8.2/../../../../lib/crt1.o] ==> ignore
    arg [/usr/lib/gcc/x86_64-unknown-linux-gnu/4.8.2/../../../../lib/crti.o] ==> ignore
    arg [/usr/lib/gcc/x86_64-unknown-linux-gnu/4.8.2/crtbegin.o] ==> ignore
    arg [-L/usr/lib/gcc/x86_64-unknown-linux-gnu/4.8.2] ==> dir [/usr/lib/gcc/x86_64-unknown-linux-gnu/4.8.2]
    arg [-L/usr/lib/gcc/x86_64-unknown-linux-gnu/4.8.2/../../../../lib] ==> dir [/usr/lib/gcc/x86_64-unknown-linux-gnu/4.8.2/../../../../lib]
    arg [-L/lib/../lib] ==> dir [/lib/../lib]
    arg [-L/usr/lib/../lib] ==> dir [/usr/lib/../lib]
    arg [-L/usr/lib/gcc/x86_64-unknown-linux-gnu/4.8.2/../../..] ==> dir [/usr/lib/gcc/x86_64-unknown-linux-gnu/4.8.2/../../..]
    arg [CMakeFiles/cmTryCompileExec922142043.dir/CMakeCCompilerABI.c.o] ==> ignore
    arg [-lgcc] ==> lib [gcc]
    arg [--as-needed] ==> ignore
    arg [-lgcc_s] ==> lib [gcc_s]
    arg [--no-as-needed] ==> ignore
    arg [-lc] ==> lib [c]
    arg [-lgcc] ==> lib [gcc]
    arg [--as-needed] ==> ignore
    arg [-lgcc_s] ==> lib [gcc_s]
    arg [--no-as-needed] ==> ignore
    arg [/usr/lib/gcc/x86_64-unknown-linux-gnu/4.8.2/crtend.o] ==> ignore
    arg [/usr/lib/gcc/x86_64-unknown-linux-gnu/4.8.2/../../../../lib/crtn.o] ==> ignore
  remove lib [gcc]
  remove lib [gcc_s]
  remove lib [gcc]
  remove lib [gcc_s]
  collapse library dir [/usr/lib/gcc/x86_64-unknown-linux-gnu/4.8.2] ==> [/usr/lib/gcc/x86_64-unknown-linux-gnu/4.8.2]
  collapse library dir [/usr/lib/gcc/x86_64-unknown-linux-gnu/4.8.2/../../../../lib] ==> [/usr/lib]
  collapse library dir [/lib/../lib] ==> [/lib]
  collapse library dir [/usr/lib/../lib] ==> [/usr/lib]
  collapse library dir [/usr/lib/gcc/x86_64-unknown-linux-gnu/4.8.2/../../..] ==> [/usr/lib]
  implicit libs: [c]
  implicit dirs: [/usr/lib/gcc/x86_64-unknown-linux-gnu/4.8.2;/usr/lib;/lib]
  implicit fwks: []


Determining if the CXX compiler works passed with the following output:
Change Dir: /home/lovewei/Project/yasm/new yasm/yasm/build/CMakeFiles/CMakeTmp

Run Build Command:/usr/bin/make "cmTryCompileExec612736748/fast"
/usr/bin/make -f CMakeFiles/cmTryCompileExec612736748.dir/build.make CMakeFiles/cmTryCompileExec612736748.dir/build
make[1]: Entering directory '/home/lovewei/Project/yasm/new yasm/yasm/build/CMakeFiles/CMakeTmp'
/usr/bin/cmake -E cmake_progress_report "/home/lovewei/Project/yasm/new yasm/yasm/build/CMakeFiles/CMakeTmp/CMakeFiles" 1
Building CXX object CMakeFiles/cmTryCompileExec612736748.dir/testCXXCompiler.cxx.o
/usr/bin/c++     -o CMakeFiles/cmTryCompileExec612736748.dir/testCXXCompiler.cxx.o -c "/home/lovewei/Project/yasm/new yasm/yasm/build/CMakeFiles/CMakeTmp/testCXXCompiler.cxx"
Linking CXX executable cmTryCompileExec612736748
/usr/bin/cmake -E cmake_link_script CMakeFiles/cmTryCompileExec612736748.dir/link.txt --verbose=1
/usr/bin/c++        CMakeFiles/cmTryCompileExec612736748.dir/testCXXCompiler.cxx.o  -o cmTryCompileExec612736748 -rdynamic 
make[1]: Leaving directory '/home/lovewei/Project/yasm/new yasm/yasm/build/CMakeFiles/CMakeTmp'


Detecting CXX compiler ABI info compiled with the following output:
Change Dir: /home/lovewei/Project/yasm/new yasm/yasm/build/CMakeFiles/CMakeTmp

Run Build Command:/usr/bin/make "cmTryCompileExec1075562499/fast"
/usr/bin/make -f CMakeFiles/cmTryCompileExec1075562499.dir/build.make CMakeFiles/cmTryCompileExec1075562499.dir/build
make[1]: Entering directory '/home/lovewei/Project/yasm/new yasm/yasm/build/CMakeFiles/CMakeTmp'
/usr/bin/cmake -E cmake_progress_report "/home/lovewei/Project/yasm/new yasm/yasm/build/CMakeFiles/CMakeTmp/CMakeFiles" 1
Building CXX object CMakeFiles/cmTryCompileExec1075562499.dir/CMakeCXXCompilerABI.cpp.o
/usr/bin/c++     -o CMakeFiles/cmTryCompileExec1075562499.dir/CMakeCXXCompilerABI.cpp.o -c /usr/share/cmake-2.8/Modules/CMakeCXXCompilerABI.cpp
Linking CXX executable cmTryCompileExec1075562499
/usr/bin/cmake -E cmake_link_script CMakeFiles/cmTryCompileExec1075562499.dir/link.txt --verbose=1
/usr/bin/c++      -v CMakeFiles/cmTryCompileExec1075562499.dir/CMakeCXXCompilerABI.cpp.o  -o cmTryCompileExec1075562499 -rdynamic  
使用内建 specs。
COLLECT_GCC=/usr/bin/c++
COLLECT_LTO_WRAPPER=/usr/lib/gcc/x86_64-unknown-linux-gnu/4.8.2/lto-wrapper
目标：x86_64-unknown-linux-gnu
配置为：/build/gcc-multilib/src/gcc-4.8.2/configure --prefix=/usr --libdir=/usr/lib --libexecdir=/usr/lib --mandir=/usr/share/man --infodir=/usr/share/info --with-bugurl=https://bugs.archlinux.org/ --enable-languages=c,c++,ada,fortran,go,lto,objc,obj-c++ --enable-shared --enable-threads=posix --with-system-zlib --enable-__cxa_atexit --disable-libunwind-exceptions --enable-clocale=gnu --disable-libstdcxx-pch --disable-libssp --enable-gnu-unique-object --enable-linker-build-id --enable-cloog-backend=isl --disable-cloog-version-check --enable-lto --enable-plugin --enable-install-libiberty --with-linker-hash-style=gnu --enable-multilib --disable-werror --enable-checking=release
线程模型：posix
gcc 版本 4.8.2 (GCC) 
COMPILER_PATH=/usr/lib/gcc/x86_64-unknown-linux-gnu/4.8.2/:/usr/lib/gcc/x86_64-unknown-linux-gnu/4.8.2/:/usr/lib/gcc/x86_64-unknown-linux-gnu/:/usr/lib/gcc/x86_64-unknown-linux-gnu/4.8.2/:/usr/lib/gcc/x86_64-unknown-linux-gnu/
LIBRARY_PATH=/usr/lib/gcc/x86_64-unknown-linux-gnu/4.8.2/:/usr/lib/gcc/x86_64-unknown-linux-gnu/4.8.2/../../../../lib/:/lib/../lib/:/usr/lib/../lib/:/usr/lib/gcc/x86_64-unknown-linux-gnu/4.8.2/../../../:/lib/:/usr/lib/
COLLECT_GCC_OPTIONS='-v' '-o' 'cmTryCompileExec1075562499' '-rdynamic' '-shared-libgcc' '-mtune=generic' '-march=x86-64'
 /usr/lib/gcc/x86_64-unknown-linux-gnu/4.8.2/collect2 --build-id --eh-frame-hdr --hash-style=gnu -m elf_x86_64 -export-dynamic -dynamic-linker /lib64/ld-linux-x86-64.so.2 -o cmTryCompileExec1075562499 /usr/lib/gcc/x86_64-unknown-linux-gnu/4.8.2/../../../../lib/crt1.o /usr/lib/gcc/x86_64-unknown-linux-gnu/4.8.2/../../../../lib/crti.o /usr/lib/gcc/x86_64-unknown-linux-gnu/4.8.2/crtbegin.o -L/usr/lib/gcc/x86_64-unknown-linux-gnu/4.8.2 -L/usr/lib/gcc/x86_64-unknown-linux-gnu/4.8.2/../../../../lib -L/lib/../lib -L/usr/lib/../lib -L/usr/lib/gcc/x86_64-unknown-linux-gnu/4.8.2/../../.. CMakeFiles/cmTryCompileExec1075562499.dir/CMakeCXXCompilerABI.cpp.o -lstdc++ -lm -lgcc_s -lgcc -lc -lgcc_s -lgcc /usr/lib/gcc/x86_64-unknown-linux-gnu/4.8.2/crtend.o /usr/lib/gcc/x86_64-unknown-linux-gnu/4.8.2/../../../../lib/crtn.o
make[1]: Leaving directory '/home/lovewei/Project/yasm/new yasm/yasm/build/CMakeFiles/CMakeTmp'


Parsed CXX implicit link information from above output:
  link line regex: [^( *|.*[/\])(ld|([^/\]+-)?ld|collect2)[^/\]*( |$)]
  ignore line: [Change Dir: /home/lovewei/Project/yasm/new yasm/yasm/build/CMakeFiles/CMakeTmp]
  ignore line: []
  ignore line: [Run Build Command:/usr/bin/make "cmTryCompileExec1075562499/fast"]
  ignore line: [/usr/bin/make -f CMakeFiles/cmTryCompileExec1075562499.dir/build.make CMakeFiles/cmTryCompileExec1075562499.dir/build]
  ignore line: [make[1]: Entering directory '/home/lovewei/Project/yasm/new yasm/yasm/build/CMakeFiles/CMakeTmp']
  ignore line: [/usr/bin/cmake -E cmake_progress_report "/home/lovewei/Project/yasm/new yasm/yasm/build/CMakeFiles/CMakeTmp/CMakeFiles" 1]
  ignore line: [Building CXX object CMakeFiles/cmTryCompileExec1075562499.dir/CMakeCXXCompilerABI.cpp.o]
  ignore line: [/usr/bin/c++     -o CMakeFiles/cmTryCompileExec1075562499.dir/CMakeCXXCompilerABI.cpp.o -c /usr/share/cmake-2.8/Modules/CMakeCXXCompilerABI.cpp]
  ignore line: [Linking CXX executable cmTryCompileExec1075562499]
  ignore line: [/usr/bin/cmake -E cmake_link_script CMakeFiles/cmTryCompileExec1075562499.dir/link.txt --verbose=1]
  ignore line: [/usr/bin/c++      -v CMakeFiles/cmTryCompileExec1075562499.dir/CMakeCXXCompilerABI.cpp.o  -o cmTryCompileExec1075562499 -rdynamic  ]
  ignore line: [使用内建 specs。]
  ignore line: [COLLECT_GCC=/usr/bin/c++]
  ignore line: [COLLECT_LTO_WRAPPER=/usr/lib/gcc/x86_64-unknown-linux-gnu/4.8.2/lto-wrapper]
  ignore line: [目标：x86_64-unknown-linux-gnu]
  ignore line: [配置为：/build/gcc-multilib/src/gcc-4.8.2/configure --prefix=/usr --libdir=/usr/lib --libexecdir=/usr/lib --mandir=/usr/share/man --infodir=/usr/share/info --with-bugurl=https://bugs.archlinux.org/ --enable-languages=c,c++,ada,fortran,go,lto,objc,obj-c++ --enable-shared --enable-threads=posix --with-system-zlib --enable-__cxa_atexit --disable-libunwind-exceptions --enable-clocale=gnu --disable-libstdcxx-pch --disable-libssp --enable-gnu-unique-object --enable-linker-build-id --enable-cloog-backend=isl --disable-cloog-version-check --enable-lto --enable-plugin --enable-install-libiberty --with-linker-hash-style=gnu --enable-multilib --disable-werror --enable-checking=release]
  ignore line: [线程模型：posix]
  ignore line: [gcc 版本 4.8.2 (GCC) ]
  ignore line: [COMPILER_PATH=/usr/lib/gcc/x86_64-unknown-linux-gnu/4.8.2/:/usr/lib/gcc/x86_64-unknown-linux-gnu/4.8.2/:/usr/lib/gcc/x86_64-unknown-linux-gnu/:/usr/lib/gcc/x86_64-unknown-linux-gnu/4.8.2/:/usr/lib/gcc/x86_64-unknown-linux-gnu/]
  ignore line: [LIBRARY_PATH=/usr/lib/gcc/x86_64-unknown-linux-gnu/4.8.2/:/usr/lib/gcc/x86_64-unknown-linux-gnu/4.8.2/../../../../lib/:/lib/../lib/:/usr/lib/../lib/:/usr/lib/gcc/x86_64-unknown-linux-gnu/4.8.2/../../../:/lib/:/usr/lib/]
  ignore line: [COLLECT_GCC_OPTIONS='-v' '-o' 'cmTryCompileExec1075562499' '-rdynamic' '-shared-libgcc' '-mtune=generic' '-march=x86-64']
  link line: [ /usr/lib/gcc/x86_64-unknown-linux-gnu/4.8.2/collect2 --build-id --eh-frame-hdr --hash-style=gnu -m elf_x86_64 -export-dynamic -dynamic-linker /lib64/ld-linux-x86-64.so.2 -o cmTryCompileExec1075562499 /usr/lib/gcc/x86_64-unknown-linux-gnu/4.8.2/../../../../lib/crt1.o /usr/lib/gcc/x86_64-unknown-linux-gnu/4.8.2/../../../../lib/crti.o /usr/lib/gcc/x86_64-unknown-linux-gnu/4.8.2/crtbegin.o -L/usr/lib/gcc/x86_64-unknown-linux-gnu/4.8.2 -L/usr/lib/gcc/x86_64-unknown-linux-gnu/4.8.2/../../../../lib -L/lib/../lib -L/usr/lib/../lib -L/usr/lib/gcc/x86_64-unknown-linux-gnu/4.8.2/../../.. CMakeFiles/cmTryCompileExec1075562499.dir/CMakeCXXCompilerABI.cpp.o -lstdc++ -lm -lgcc_s -lgcc -lc -lgcc_s -lgcc /usr/lib/gcc/x86_64-unknown-linux-gnu/4.8.2/crtend.o /usr/lib/gcc/x86_64-unknown-linux-gnu/4.8.2/../../../../lib/crtn.o]
    arg [/usr/lib/gcc/x86_64-unknown-linux-gnu/4.8.2/collect2] ==> ignore
    arg [--build-id] ==> ignore
    arg [--eh-frame-hdr] ==> ignore
    arg [--hash-style=gnu] ==> ignore
    arg [-m] ==> ignore
    arg [elf_x86_64] ==> ignore
    arg [-export-dynamic] ==> ignore
    arg [-dynamic-linker] ==> ignore
    arg [/lib64/ld-linux-x86-64.so.2] ==> ignore
    arg [-o] ==> ignore
    arg [cmTryCompileExec1075562499] ==> ignore
    arg [/usr/lib/gcc/x86_64-unknown-linux-gnu/4.8.2/../../../../lib/crt1.o] ==> ignore
    arg [/usr/lib/gcc/x86_64-unknown-linux-gnu/4.8.2/../../../../lib/crti.o] ==> ignore
    arg [/usr/lib/gcc/x86_64-unknown-linux-gnu/4.8.2/crtbegin.o] ==> ignore
    arg [-L/usr/lib/gcc/x86_64-unknown-linux-gnu/4.8.2] ==> dir [/usr/lib/gcc/x86_64-unknown-linux-gnu/4.8.2]
    arg [-L/usr/lib/gcc/x86_64-unknown-linux-gnu/4.8.2/../../../../lib] ==> dir [/usr/lib/gcc/x86_64-unknown-linux-gnu/4.8.2/../../../../lib]
    arg [-L/lib/../lib] ==> dir [/lib/../lib]
    arg [-L/usr/lib/../lib] ==> dir [/usr/lib/../lib]
    arg [-L/usr/lib/gcc/x86_64-unknown-linux-gnu/4.8.2/../../..] ==> dir [/usr/lib/gcc/x86_64-unknown-linux-gnu/4.8.2/../../..]
    arg [CMakeFiles/cmTryCompileExec1075562499.dir/CMakeCXXCompilerABI.cpp.o] ==> ignore
    arg [-lstdc++] ==> lib [stdc++]
    arg [-lm] ==> lib [m]
    arg [-lgcc_s] ==> lib [gcc_s]
    arg [-lgcc] ==> lib [gcc]
    arg [-lc] ==> lib [c]
    arg [-lgcc_s] ==> lib [gcc_s]
    arg [-lgcc] ==> lib [gcc]
    arg [/usr/lib/gcc/x86_64-unknown-linux-gnu/4.8.2/crtend.o] ==> ignore
    arg [/usr/lib/gcc/x86_64-unknown-linux-gnu/4.8.2/../../../../lib/crtn.o] ==> ignore
  remove lib [gcc_s]
  remove lib [gcc]
  remove lib [gcc_s]
  remove lib [gcc]
  collapse library dir [/usr/lib/gcc/x86_64-unknown-linux-gnu/4.8.2] ==> [/usr/lib/gcc/x86_64-unknown-linux-gnu/4.8.2]
  collapse library dir [/usr/lib/gcc/x86_64-unknown-linux-gnu/4.8.2/../../../../lib] ==> [/usr/lib]
  collapse library dir [/lib/../lib] ==> [/lib]
  collapse library dir [/usr/lib/../lib] ==> [/usr/lib]
  collapse library dir [/usr/lib/gcc/x86_64-unknown-linux-gnu/4.8.2/../../..] ==> [/usr/lib]
  implicit libs: [stdc++;m;c]
  implicit dirs: [/usr/lib/gcc/x86_64-unknown-linux-gnu/4.8.2;/usr/lib;/lib]
  implicit fwks: []


Determining if the include file locale.h exists passed with the following output:
Change Dir: /home/lovewei/Project/yasm/new yasm/yasm/build/CMakeFiles/CMakeTmp

Run Build Command:/usr/bin/make "cmTryCompileExec4278620204/fast"
/usr/bin/make -f CMakeFiles/cmTryCompileExec4278620204.dir/build.make CMakeFiles/cmTryCompileExec4278620204.dir/build
make[1]: Entering directory '/home/lovewei/Project/yasm/new yasm/yasm/build/CMakeFiles/CMakeTmp'
/usr/bin/cmake -E cmake_progress_report "/home/lovewei/Project/yasm/new yasm/yasm/build/CMakeFiles/CMakeTmp/CMakeFiles" 1
Building C object CMakeFiles/cmTryCompileExec4278620204.dir/CheckIncludeFile.c.o
/usr/bin/cc    -o CMakeFiles/cmTryCompileExec4278620204.dir/CheckIncludeFile.c.o   -c "/home/lovewei/Project/yasm/new yasm/yasm/build/CMakeFiles/CMakeTmp/CheckIncludeFile.c"
Linking C executable cmTryCompileExec4278620204
/usr/bin/cmake -E cmake_link_script CMakeFiles/cmTryCompileExec4278620204.dir/link.txt --verbose=1
/usr/bin/cc       CMakeFiles/cmTryCompileExec4278620204.dir/CheckIncludeFile.c.o  -o cmTryCompileExec4278620204 -rdynamic 
make[1]: Leaving directory '/home/lovewei/Project/yasm/new yasm/yasm/build/CMakeFiles/CMakeTmp'


Determining if the include file libgen.h exists passed with the following output:
Change Dir: /home/lovewei/Project/yasm/new yasm/yasm/build/CMakeFiles/CMakeTmp

Run Build Command:/usr/bin/make "cmTryCompileExec2869973240/fast"
/usr/bin/make -f CMakeFiles/cmTryCompileExec2869973240.dir/build.make CMakeFiles/cmTryCompileExec2869973240.dir/build
make[1]: Entering directory '/home/lovewei/Project/yasm/new yasm/yasm/build/CMakeFiles/CMakeTmp'
/usr/bin/cmake -E cmake_progress_report "/home/lovewei/Project/yasm/new yasm/yasm/build/CMakeFiles/CMakeTmp/CMakeFiles" 1
Building C object CMakeFiles/cmTryCompileExec2869973240.dir/CheckIncludeFile.c.o
/usr/bin/cc    -o CMakeFiles/cmTryCompileExec2869973240.dir/CheckIncludeFile.c.o   -c "/home/lovewei/Project/yasm/new yasm/yasm/build/CMakeFiles/CMakeTmp/CheckIncludeFile.c"
Linking C executable cmTryCompileExec2869973240
/usr/bin/cmake -E cmake_link_script CMakeFiles/cmTryCompileExec2869973240.dir/link.txt --verbose=1
/usr/bin/cc       CMakeFiles/cmTryCompileExec2869973240.dir/CheckIncludeFile.c.o  -o cmTryCompileExec2869973240 -rdynamic 
make[1]: Leaving directory '/home/lovewei/Project/yasm/new yasm/yasm/build/CMakeFiles/CMakeTmp'


Determining if the include file unistd.h exists passed with the following output:
Change Dir: /home/lovewei/Project/yasm/new yasm/yasm/build/CMakeFiles/CMakeTmp

Run Build Command:/usr/bin/make "cmTryCompileExec4202327270/fast"
/usr/bin/make -f CMakeFiles/cmTryCompileExec4202327270.dir/build.make CMakeFiles/cmTryCompileExec4202327270.dir/build
make[1]: Entering directory '/home/lovewei/Project/yasm/new yasm/yasm/build/CMakeFiles/CMakeTmp'
/usr/bin/cmake -E cmake_progress_report "/home/lovewei/Project/yasm/new yasm/yasm/build/CMakeFiles/CMakeTmp/CMakeFiles" 1
Building C object CMakeFiles/cmTryCompileExec4202327270.dir/CheckIncludeFile.c.o
/usr/bin/cc    -o CMakeFiles/cmTryCompileExec4202327270.dir/CheckIncludeFile.c.o   -c "/home/lovewei/Project/yasm/new yasm/yasm/build/CMakeFiles/CMakeTmp/CheckIncludeFile.c"
Linking C executable cmTryCompileExec4202327270
/usr/bin/cmake -E cmake_link_script CMakeFiles/cmTryCompileExec4202327270.dir/link.txt --verbose=1
/usr/bin/cc       CMakeFiles/cmTryCompileExec4202327270.dir/CheckIncludeFile.c.o  -o cmTryCompileExec4202327270 -rdynamic 
make[1]: Leaving directory '/home/lovewei/Project/yasm/new yasm/yasm/build/CMakeFiles/CMakeTmp'


Determining if the include file stdint.h exists passed with the following output:
Change Dir: /home/lovewei/Project/yasm/new yasm/yasm/build/CMakeFiles/CMakeTmp

Run Build Command:/usr/bin/make "cmTryCompileExec3637145821/fast"
/usr/bin/make -f CMakeFiles/cmTryCompileExec3637145821.dir/build.make CMakeFiles/cmTryCompileExec3637145821.dir/build
make[1]: Entering directory '/home/lovewei/Project/yasm/new yasm/yasm/build/CMakeFiles/CMakeTmp'
/usr/bin/cmake -E cmake_progress_report "/home/lovewei/Project/yasm/new yasm/yasm/build/CMakeFiles/CMakeTmp/CMakeFiles" 1
Building C object CMakeFiles/cmTryCompileExec3637145821.dir/CheckIncludeFile.c.o
/usr/bin/cc    -o CMakeFiles/cmTryCompileExec3637145821.dir/CheckIncludeFile.c.o   -c "/home/lovewei/Project/yasm/new yasm/yasm/build/CMakeFiles/CMakeTmp/CheckIncludeFile.c"
Linking C executable cmTryCompileExec3637145821
/usr/bin/cmake -E cmake_link_script CMakeFiles/cmTryCompileExec3637145821.dir/link.txt --verbose=1
/usr/bin/cc       CMakeFiles/cmTryCompileExec3637145821.dir/CheckIncludeFile.c.o  -o cmTryCompileExec3637145821 -rdynamic 
make[1]: Leaving directory '/home/lovewei/Project/yasm/new yasm/yasm/build/CMakeFiles/CMakeTmp'


Determining if the abort exist passed with the following output:
Change Dir: /home/lovewei/Project/yasm/new yasm/yasm/build/CMakeFiles/CMakeTmp

Run Build Command:/usr/bin/make "cmTryCompileExec836324645/fast"
/usr/bin/make -f CMakeFiles/cmTryCompileExec836324645.dir/build.make CMakeFiles/cmTryCompileExec836324645.dir/build
make[1]: Entering directory '/home/lovewei/Project/yasm/new yasm/yasm/build/CMakeFiles/CMakeTmp'
/usr/bin/cmake -E cmake_progress_report "/home/lovewei/Project/yasm/new yasm/yasm/build/CMakeFiles/CMakeTmp/CMakeFiles" 1
Building C object CMakeFiles/cmTryCompileExec836324645.dir/CheckSymbolExists.c.o
/usr/bin/cc    -o CMakeFiles/cmTryCompileExec836324645.dir/CheckSymbolExists.c.o   -c "/home/lovewei/Project/yasm/new yasm/yasm/build/CMakeFiles/CMakeTmp/CheckSymbolExists.c"
Linking C executable cmTryCompileExec836324645
/usr/bin/cmake -E cmake_link_script CMakeFiles/cmTryCompileExec836324645.dir/link.txt --verbose=1
/usr/bin/cc       CMakeFiles/cmTryCompileExec836324645.dir/CheckSymbolExists.c.o  -o cmTryCompileExec836324645 -rdynamic 
make[1]: Leaving directory '/home/lovewei/Project/yasm/new yasm/yasm/build/CMakeFiles/CMakeTmp'

File /home/lovewei/Project/yasm/new yasm/yasm/build/CMakeFiles/CMakeTmp/CheckSymbolExists.c:
/* */
#include <stdlib.h>

int main(int argc, char** argv)
{
  (void)argv;
#ifndef abort
  return ((int*)(&abort))[argc];
#else
  (void)argc;
  return 0;
#endif
}

Determining if the function getcwd exists passed with the following output:
Change Dir: /home/lovewei/Project/yasm/new yasm/yasm/build/CMakeFiles/CMakeTmp

Run Build Command:/usr/bin/make "cmTryCompileExec3149314539/fast"
/usr/bin/make -f CMakeFiles/cmTryCompileExec3149314539.dir/build.make CMakeFiles/cmTryCompileExec3149314539.dir/build
make[1]: Entering directory '/home/lovewei/Project/yasm/new yasm/yasm/build/CMakeFiles/CMakeTmp'
/usr/bin/cmake -E cmake_progress_report "/home/lovewei/Project/yasm/new yasm/yasm/build/CMakeFiles/CMakeTmp/CMakeFiles" 1
Building C object CMakeFiles/cmTryCompileExec3149314539.dir/CheckFunctionExists.c.o
/usr/bin/cc   -DCHECK_FUNCTION_EXISTS=getcwd   -o CMakeFiles/cmTryCompileExec3149314539.dir/CheckFunctionExists.c.o   -c /usr/share/cmake-2.8/Modules/CheckFunctionExists.c
Linking C executable cmTryCompileExec3149314539
/usr/bin/cmake -E cmake_link_script CMakeFiles/cmTryCompileExec3149314539.dir/link.txt --verbose=1
/usr/bin/cc   -DCHECK_FUNCTION_EXISTS=getcwd    CMakeFiles/cmTryCompileExec3149314539.dir/CheckFunctionExists.c.o  -o cmTryCompileExec3149314539 -rdynamic 
make[1]: Leaving directory '/home/lovewei/Project/yasm/new yasm/yasm/build/CMakeFiles/CMakeTmp'


Determining if the function toascii exists passed with the following output:
Change Dir: /home/lovewei/Project/yasm/new yasm/yasm/build/CMakeFiles/CMakeTmp

Run Build Command:/usr/bin/make "cmTryCompileExec4275853898/fast"
/usr/bin/make -f CMakeFiles/cmTryCompileExec4275853898.dir/build.make CMakeFiles/cmTryCompileExec4275853898.dir/build
make[1]: Entering directory '/home/lovewei/Project/yasm/new yasm/yasm/build/CMakeFiles/CMakeTmp'
/usr/bin/cmake -E cmake_progress_report "/home/lovewei/Project/yasm/new yasm/yasm/build/CMakeFiles/CMakeTmp/CMakeFiles" 1
Building C object CMakeFiles/cmTryCompileExec4275853898.dir/CheckFunctionExists.c.o
/usr/bin/cc   -DCHECK_FUNCTION_EXISTS=toascii   -o CMakeFiles/cmTryCompileExec4275853898.dir/CheckFunctionExists.c.o   -c /usr/share/cmake-2.8/Modules/CheckFunctionExists.c
<命令行>:0:23: 警告：与内建函数‘toascii’类型冲突 [默认启用]
/usr/share/cmake-2.8/Modules/CheckFunctionExists.c:3:6: 附注：in expansion of macro ‘CHECK_FUNCTION_EXISTS’
 char CHECK_FUNCTION_EXISTS();
      ^
Linking C executable cmTryCompileExec4275853898
/usr/bin/cmake -E cmake_link_script CMakeFiles/cmTryCompileExec4275853898.dir/link.txt --verbose=1
/usr/bin/cc   -DCHECK_FUNCTION_EXISTS=toascii    CMakeFiles/cmTryCompileExec4275853898.dir/CheckFunctionExists.c.o  -o cmTryCompileExec4275853898 -rdynamic 
make[1]: Leaving directory '/home/lovewei/Project/yasm/new yasm/yasm/build/CMakeFiles/CMakeTmp'


Determining if the function dlopen exists in the dl passed with the following output:
Change Dir: /home/lovewei/Project/yasm/new yasm/yasm/build/CMakeFiles/CMakeTmp

Run Build Command:/usr/bin/make "cmTryCompileExec2453679364/fast"
/usr/bin/make -f CMakeFiles/cmTryCompileExec2453679364.dir/build.make CMakeFiles/cmTryCompileExec2453679364.dir/build
make[1]: Entering directory '/home/lovewei/Project/yasm/new yasm/yasm/build/CMakeFiles/CMakeTmp'
/usr/bin/cmake -E cmake_progress_report "/home/lovewei/Project/yasm/new yasm/yasm/build/CMakeFiles/CMakeTmp/CMakeFiles" 1
Building C object CMakeFiles/cmTryCompileExec2453679364.dir/CheckFunctionExists.c.o
/usr/bin/cc   -DCHECK_FUNCTION_EXISTS=dlopen   -o CMakeFiles/cmTryCompileExec2453679364.dir/CheckFunctionExists.c.o   -c /usr/share/cmake-2.8/Modules/CheckFunctionExists.c
Linking C executable cmTryCompileExec2453679364
/usr/bin/cmake -E cmake_link_script CMakeFiles/cmTryCompileExec2453679364.dir/link.txt --verbose=1
/usr/bin/cc   -DCHECK_FUNCTION_EXISTS=dlopen    CMakeFiles/cmTryCompileExec2453679364.dir/CheckFunctionExists.c.o  -o cmTryCompileExec2453679364 -rdynamic -ldl 
make[1]: Leaving directory '/home/lovewei/Project/yasm/new yasm/yasm/build/CMakeFiles/CMakeTmp'


Performing C SOURCE FILE Test C_ACCEPTS_PIPE succeded with the following output:
Change Dir: /home/lovewei/Project/yasm/new yasm/yasm/build/CMakeFiles/CMakeTmp

Run Build Command:/usr/bin/make "cmTryCompileExec3580132028/fast"
/usr/bin/make -f CMakeFiles/cmTryCompileExec3580132028.dir/build.make CMakeFiles/cmTryCompileExec3580132028.dir/build
make[1]: Entering directory '/home/lovewei/Project/yasm/new yasm/yasm/build/CMakeFiles/CMakeTmp'
/usr/bin/cmake -E cmake_progress_report "/home/lovewei/Project/yasm/new yasm/yasm/build/CMakeFiles/CMakeTmp/CMakeFiles" 1
Building C object CMakeFiles/cmTryCompileExec3580132028.dir/src.c.o
/usr/bin/cc   -DC_ACCEPTS_PIPE   -pipe -o CMakeFiles/cmTryCompileExec3580132028.dir/src.c.o   -c "/home/lovewei/Project/yasm/new yasm/yasm/build/CMakeFiles/CMakeTmp/src.c"
Linking C executable cmTryCompileExec3580132028
/usr/bin/cmake -E cmake_link_script CMakeFiles/cmTryCompileExec3580132028.dir/link.txt --verbose=1
/usr/bin/cc   -DC_ACCEPTS_PIPE    CMakeFiles/cmTryCompileExec3580132028.dir/src.c.o  -o cmTryCompileExec3580132028 -rdynamic 
make[1]: Leaving directory '/home/lovewei/Project/yasm/new yasm/yasm/build/CMakeFiles/CMakeTmp'

Source file was:
int main(void) { return 0; }
Performing C SOURCE FILE Test C_ACCEPTS_ANSI succeded with the following output:
Change Dir: /home/lovewei/Project/yasm/new yasm/yasm/build/CMakeFiles/CMakeTmp

Run Build Command:/usr/bin/make "cmTryCompileExec709991192/fast"
/usr/bin/make -f CMakeFiles/cmTryCompileExec709991192.dir/build.make CMakeFiles/cmTryCompileExec709991192.dir/build
make[1]: Entering directory '/home/lovewei/Project/yasm/new yasm/yasm/build/CMakeFiles/CMakeTmp'
/usr/bin/cmake -E cmake_progress_report "/home/lovewei/Project/yasm/new yasm/yasm/build/CMakeFiles/CMakeTmp/CMakeFiles" 1
Building C object CMakeFiles/cmTryCompileExec709991192.dir/src.c.o
/usr/bin/cc   -DC_ACCEPTS_ANSI   -ansi -o CMakeFiles/cmTryCompileExec709991192.dir/src.c.o   -c "/home/lovewei/Project/yasm/new yasm/yasm/build/CMakeFiles/CMakeTmp/src.c"
Linking C executable cmTryCompileExec709991192
/usr/bin/cmake -E cmake_link_script CMakeFiles/cmTryCompileExec709991192.dir/link.txt --verbose=1
/usr/bin/cc   -DC_ACCEPTS_ANSI    CMakeFiles/cmTryCompileExec709991192.dir/src.c.o  -o cmTryCompileExec709991192 -rdynamic 
make[1]: Leaving directory '/home/lovewei/Project/yasm/new yasm/yasm/build/CMakeFiles/CMakeTmp'

Source file was:
int main(void) { return 0; }
Performing C SOURCE FILE Test C_ACCEPTS_PEDANTIC succeded with the following output:
Change Dir: /home/lovewei/Project/yasm/new yasm/yasm/build/CMakeFiles/CMakeTmp

Run Build Command:/usr/bin/make "cmTryCompileExec2992353011/fast"
/usr/bin/make -f CMakeFiles/cmTryCompileExec2992353011.dir/build.make CMakeFiles/cmTryCompileExec2992353011.dir/build
make[1]: Entering directory '/home/lovewei/Project/yasm/new yasm/yasm/build/CMakeFiles/CMakeTmp'
/usr/bin/cmake -E cmake_progress_report "/home/lovewei/Project/yasm/new yasm/yasm/build/CMakeFiles/CMakeTmp/CMakeFiles" 1
Building C object CMakeFiles/cmTryCompileExec2992353011.dir/src.c.o
/usr/bin/cc   -DC_ACCEPTS_PEDANTIC   -pedantic -o CMakeFiles/cmTryCompileExec2992353011.dir/src.c.o   -c "/home/lovewei/Project/yasm/new yasm/yasm/build/CMakeFiles/CMakeTmp/src.c"
Linking C executable cmTryCompileExec2992353011
/usr/bin/cmake -E cmake_link_script CMakeFiles/cmTryCompileExec2992353011.dir/link.txt --verbose=1
/usr/bin/cc   -DC_ACCEPTS_PEDANTIC    CMakeFiles/cmTryCompileExec2992353011.dir/src.c.o  -o cmTryCompileExec2992353011 -rdynamic 
make[1]: Leaving directory '/home/lovewei/Project/yasm/new yasm/yasm/build/CMakeFiles/CMakeTmp'

Source file was:
int main(void) { return 0; }
Performing C SOURCE FILE Test C_ACCEPTS_WALL succeded with the following output:
Change Dir: /home/lovewei/Project/yasm/new yasm/yasm/build/CMakeFiles/CMakeTmp

Run Build Command:/usr/bin/make "cmTryCompileExec2310296625/fast"
/usr/bin/make -f CMakeFiles/cmTryCompileExec2310296625.dir/build.make CMakeFiles/cmTryCompileExec2310296625.dir/build
make[1]: Entering directory '/home/lovewei/Project/yasm/new yasm/yasm/build/CMakeFiles/CMakeTmp'
/usr/bin/cmake -E cmake_progress_report "/home/lovewei/Project/yasm/new yasm/yasm/build/CMakeFiles/CMakeTmp/CMakeFiles" 1
Building C object CMakeFiles/cmTryCompileExec2310296625.dir/src.c.o
/usr/bin/cc   -DC_ACCEPTS_WALL   -Wall -o CMakeFiles/cmTryCompileExec2310296625.dir/src.c.o   -c "/home/lovewei/Project/yasm/new yasm/yasm/build/CMakeFiles/CMakeTmp/src.c"
Linking C executable cmTryCompileExec2310296625
/usr/bin/cmake -E cmake_link_script CMakeFiles/cmTryCompileExec2310296625.dir/link.txt --verbose=1
/usr/bin/cc   -DC_ACCEPTS_WALL    CMakeFiles/cmTryCompileExec2310296625.dir/src.c.o  -o cmTryCompileExec2310296625 -rdynamic 
make[1]: Leaving directory '/home/lovewei/Project/yasm/new yasm/yasm/build/CMakeFiles/CMakeTmp'

Source file was:
int main(void) { return 0; }
Performing C SOURCE FILE Test C_ACCEPTS_WNOUNUSEDPARAM succeded with the following output:
Change Dir: /home/lovewei/Project/yasm/new yasm/yasm/build/CMakeFiles/CMakeTmp

Run Build Command:/usr/bin/make "cmTryCompileExec2267530456/fast"
/usr/bin/make -f CMakeFiles/cmTryCompileExec2267530456.dir/build.make CMakeFiles/cmTryCompileExec2267530456.dir/build
make[1]: Entering directory '/home/lovewei/Project/yasm/new yasm/yasm/build/CMakeFiles/CMakeTmp'
/usr/bin/cmake -E cmake_progress_report "/home/lovewei/Project/yasm/new yasm/yasm/build/CMakeFiles/CMakeTmp/CMakeFiles" 1
Building C object CMakeFiles/cmTryCompileExec2267530456.dir/src.c.o
/usr/bin/cc   -DC_ACCEPTS_WNOUNUSEDPARAM   -Wno-unused-parameter -o CMakeFiles/cmTryCompileExec2267530456.dir/src.c.o   -c "/home/lovewei/Project/yasm/new yasm/yasm/build/CMakeFiles/CMakeTmp/src.c"
Linking C executable cmTryCompileExec2267530456
/usr/bin/cmake -E cmake_link_script CMakeFiles/cmTryCompileExec2267530456.dir/link.txt --verbose=1
/usr/bin/cc   -DC_ACCEPTS_WNOUNUSEDPARAM    CMakeFiles/cmTryCompileExec2267530456.dir/src.c.o  -o cmTryCompileExec2267530456 -rdynamic 
make[1]: Leaving directory '/home/lovewei/Project/yasm/new yasm/yasm/build/CMakeFiles/CMakeTmp'

Source file was:
int main(void) { return 0; }
